<?xml version="1.0" encoding="UTF-8"?>
<testsuite xmlns:xsi="http://www.w3.org/2001/XMLSchema-instance" xsi:noNamespaceSchemaLocation="https://maven.apache.org/surefire/maven-surefire-plugin/xsd/surefire-test-report-3.0.xsd" version="3.0" name="ar.com.codo24100.practica.AppTest" time="0.079" tests="1" errors="0" skipped="0" failures="0">
  <properties>
    <property name="java.specification.version" value="17"/>
    <property name="sun.cpu.isalist" value="amd64"/>
    <property name="sun.jnu.encoding" value="Cp1252"/>
    <property name="java.class.path" value="e:\Documents\Front End Development Nuevo\Codo a Codo\13 Java\01 Practica Web (webApp)\Movies Registro\turnos\target\test-classes;e:\Documents\Front End Development Nuevo\Codo a Codo\13 Java\01 Practica Web (webApp)\Movies Registro\turnos\target\classes;C:\Users\ampin\.m2\repository\junit\junit\4.11\junit-4.11.jar;C:\Users\ampin\.m2\repository\org\hamcrest\hamcrest-core\1.3\hamcrest-core-1.3.jar;C:\Users\ampin\.m2\repository\com\mysql\mysql-connector-j\8.4.0\mysql-connector-j-8.4.0.jar;C:\Users\ampin\.m2\repository\com\google\protobuf\protobuf-java\3.25.1\protobuf-java-3.25.1.jar;C:\Users\ampin\.m2\repository\jakarta\servlet\jakarta.servlet-api\5.0.0\jakarta.servlet-api-5.0.0.jar;"/>
    <property name="java.vm.vendor" value="Microsoft"/>
    <property name="sun.arch.data.model" value="64"/>
    <property name="user.variant" value=""/>
    <property name="java.vendor.url" value="https://www.microsoft.com"/>
    <property name="user.timezone" value="America/Buenos_Aires"/>
    <property name="user.country.format" value="AR"/>
    <property name="os.name" value="Windows 10"/>
    <property name="java.vm.specification.version" value="17"/>
    <property name="sun.java.launcher" value="SUN_STANDARD"/>
    <property name="user.country" value="US"/>
    <property name="sun.boot.library.path" value="C:\Program Files\Microsoft\jdk-17.0.11.9-hotspot\bin"/>
    <property name="sun.java.command" value="C:\Users\ampin\AppData\Local\Temp\surefire10228119355899296320\surefirebooter-20240626171153537_3.jar C:\Users\ampin\AppData\Local\Temp\surefire10228119355899296320 2024-06-26T17-11-53_212-jvmRun1 surefire-20240626171153537_1tmp surefire_0-20240626171153537_2tmp"/>
    <property name="jdk.debug" value="release"/>
    <property name="surefire.test.class.path" value="e:\Documents\Front End Development Nuevo\Codo a Codo\13 Java\01 Practica Web (webApp)\Movies Registro\turnos\target\test-classes;e:\Documents\Front End Development Nuevo\Codo a Codo\13 Java\01 Practica Web (webApp)\Movies Registro\turnos\target\classes;C:\Users\ampin\.m2\repository\junit\junit\4.11\junit-4.11.jar;C:\Users\ampin\.m2\repository\org\hamcrest\hamcrest-core\1.3\hamcrest-core-1.3.jar;C:\Users\ampin\.m2\repository\com\mysql\mysql-connector-j\8.4.0\mysql-connector-j-8.4.0.jar;C:\Users\ampin\.m2\repository\com\google\protobuf\protobuf-java\3.25.1\protobuf-java-3.25.1.jar;C:\Users\ampin\.m2\repository\jakarta\servlet\jakarta.servlet-api\5.0.0\jakarta.servlet-api-5.0.0.jar;"/>
    <property name="sun.cpu.endian" value="little"/>
    <property name="user.home" value="C:\Users\ampin"/>
    <property name="user.language" value="en"/>
    <property name="java.specification.vendor" value="Oracle Corporation"/>
    <property name="java.version.date" value="2024-04-16"/>
    <property name="java.home" value="C:\Program Files\Microsoft\jdk-17.0.11.9-hotspot"/>
    <property name="file.separator" value="\"/>
    <property name="basedir" value="e:\Documents\Front End Development Nuevo\Codo a Codo\13 Java\01 Practica Web (webApp)\Movies Registro\turnos"/>
    <property name="java.vm.compressedOopsMode" value="32-bit"/>
    <property name="line.separator" value="&#10;"/>
    <property name="java.vm.specification.vendor" value="Oracle Corporation"/>
    <property name="java.specification.name" value="Java Platform API Specification"/>
    <property name="surefire.real.class.path" value="C:\Users\ampin\AppData\Local\Temp\surefire10228119355899296320\surefirebooter-20240626171153537_3.jar"/>
    <property name="user.script" value=""/>
    <property name="sun.management.compiler" value="HotSpot 64-Bit Tiered Compilers"/>
    <property name="java.runtime.version" value="17.0.11+9-LTS"/>
    <property name="user.name" value="ampin"/>
    <property name="path.separator" value=";"/>
    <property name="os.version" value="10.0"/>
    <property name="java.runtime.name" value="OpenJDK Runtime Environment"/>
    <property name="file.encoding" value="Cp1252"/>
    <property name="java.vm.name" value="OpenJDK 64-Bit Server VM"/>
    <property name="java.vendor.version" value="Microsoft-9388408"/>
    <property name="localRepository" value="C:\Users\ampin\.m2\repository"/>
    <property name="java.vendor.url.bug" value="https://github.com/microsoft/openjdk/issues"/>
    <property name="java.io.tmpdir" value="C:\Users\ampin\AppData\Local\Temp\"/>
    <property name="java.version" value="17.0.11"/>
    <property name="user.dir" value="e:\Documents\Front End Development Nuevo\Codo a Codo\13 Java\01 Practica Web (webApp)\Movies Registro\turnos"/>
    <property name="os.arch" value="amd64"/>
    <property name="java.vm.specification.name" value="Java Virtual Machine Specification"/>
    <property name="user.language.format" value="es"/>
    <property name="sun.os.patch.level" value=""/>
    <property name="native.encoding" value="Cp1252"/>
    <property name="java.library.path" value="C:\Program Files\Microsoft\jdk-17.0.11.9-hotspot\bin;C:\Windows\Sun\Java\bin;C:\Windows\system32;C:\Windows;C:\Program Files\PowerShell\7;C:\Program Files\Microsoft\jdk-17.0.11.9-hotspot\bin;C:\Program Files (x86)\VMware\VMware Workstation\bin\;C:\Users\ampin\gcc\bin;C:\Users\ampin\gcc\libexec\gcc\x86_64-w64-mingw32\13.1.0;C:\Python310\Scripts\;C:\Python310\;C:\Windows\system32;C:\Windows;C:\Windows\System32\Wbem;C:\Windows\System32\WindowsPowerShell\v1.0\;C:\Windows\System32\OpenSSH\;C:\Program Files\PowerShell\7\;C:\Program Files\dotnet\;C:\Program Files\Java\jdk-18.0.1.1\bin;C:\ProgramData\chocolatey\bin;C:\Users\ampin\AppData\Roaming\nvm;C:\Program Files\nodejs;C:\Program Files\Git\cmd;C:\Program Files\nodejs\;%COB_BIN_DIR%;%COB_CONFIG_DIR%;%COB_COPY_DIR%;%COB_INCLUDE_PATH%;C:\Program Files (x86)\WinMerge;C:\Program Files\PuTTY\;C:\Program Files\Go\bin;E:\Documents\Maven\apache-maven-3.9.7\bin;c:\gnucobol64\bin;C:\Program Files\MySQL\MySQL Shell 8.0\bin;C:\Users\ampin\AppData\Local\Programs\Python\Python311\Scripts;C:\Users\ampin\AppData\Local\Programs\Python\Python311;C:\Users\ampin\AppData\Local\Microsoft\WindowsApps;C:\Program Files\qemu;C:\Program Files\JetBrains\IntelliJ IDEA Community Edition 2022.1.3\bin;C:\Program Files\Java\jdk-18.0.1.1\bin;E:\Documents\apache-maven-3.8.6\bin;E:\Documents\gradle-7.4.2\bin;C:\Program Files\MySQL\MySQL Server 8.0\bin;C:\SQLlite;C:\Program Files\Apache Software Foundation\Tomcat 9.0\bin;C:\Program Files\JetBrains\IntelliJ IDEA 2022.1.2\bin;C:\Exercism;C:\Users\ampin\AppData\Roaming\nvm;C:\Program Files\nodejs;C:\Users\ampin\AppData\Local\JetBrains\Toolbox\scripts;C:\Users\ampin\AppData\Roaming\npm;C:\Program Files\MongoDB\Server\6.0\bin;C:\Program Files\MongoShell\bin;C:\Users\ampin\AppData\Local\Programs\oh-my-posh\bin;E:\Documents\Front End Development\OpenSSL-1.1.1h_win32;C:\Program Files\qemu;;C:\Program Files (x86)\Midnight Commander;C:\Users\ampin\go\bin;C:\Users\ampin\AppData\Local\Programs\Microsoft VS Code\bin;."/>
    <property name="java.vm.info" value="mixed mode, sharing"/>
    <property name="java.vendor" value="Microsoft"/>
    <property name="java.vm.version" value="17.0.11+9-LTS"/>
    <property name="sun.io.unicode.encoding" value="UnicodeLittle"/>
    <property name="java.class.version" value="61.0"/>
  </properties>
  <testcase name="shouldAnswerWithTrue" classname="ar.com.codo24100.practica.AppTest" time="0.002"/>
</testsuite>